1608115861264	geckodriver	INFO	Listening on 127.0.0.1:50900
1608115864388	mozrunner::runner	INFO	Running command: "C:\\Program Files\\Mozilla Firefox\\firefox.exe" "--marionette" "-foreground" "-no-remote" "-profile" "C:\\Users\\Malte\\AppData\\Local\\Temp\\rust_mozprofileZ6VZ5M"
Can't find symbol 'eglSwapBuffersWithDamageEXT'.
Can't find symbol 'eglSetDamageRegionKHR'.
JavaScript error: resource://gre/modules/XULStore.jsm, line 66: Error: Can't find profile directory.
console.warn: SearchSettings: "get: No settings file exists, new profile?" (new Error("", "(unknown module)"))
1608115866891	Marionette	INFO	Listening on port 50908
1608115867055	Marionette	WARN	TLS certificate errors will be ignored for this session
1608115916076	Marionette	INFO	Stopped listening on port 50908

###!!! [Child][RunMessage] Error: Channel closing: too late to send/recv, messages will be lost


###!!! [Child][MessageChannel::SendAndWait] Error: Channel error: cannot send/recv

1608115918856	geckodriver	INFO	Listening on 127.0.0.1:50962
1608115921926	mozrunner::runner	INFO	Running command: "C:\\Program Files\\Mozilla Firefox\\firefox.exe" "--marionette" "-foreground" "-no-remote" "-profile" "C:\\Users\\Malte\\AppData\\Local\\Temp\\rust_mozprofiler4BFjp"
Can't find symbol 'eglSwapBuffersWithDamageEXT'.
Can't find symbol 'eglSetDamageRegionKHR'.
JavaScript error: resource://gre/modules/XULStore.jsm, line 66: Error: Can't find profile directory.
console.warn: SearchSettings: "get: No settings file exists, new profile?" (new Error("", "(unknown module)"))
1608115924566	Marionette	INFO	Listening on port 50970
1608115925087	Marionette	WARN	TLS certificate errors will be ignored for this session
1608115965672	Marionette	INFO	Stopped listening on port 50970

###!!! [Child][RunMessage] Error: Channel closing: too late to send/recv, messages will be lost


###!!! [Child][MessageChannel::SendAndWait] Error: Channel error: cannot send/recv

1608116042028	geckodriver	INFO	Listening on 127.0.0.1:51047
1608116045114	mozrunner::runner	INFO	Running command: "C:\\Program Files\\Mozilla Firefox\\firefox.exe" "--marionette" "-foreground" "-no-remote" "-profile" "C:\\Users\\Malte\\AppData\\Local\\Temp\\rust_mozprofilehbgWck"
Can't find symbol 'eglSwapBuffersWithDamageEXT'.
Can't find symbol 'eglSetDamageRegionKHR'.
JavaScript error: resource://gre/modules/XULStore.jsm, line 66: Error: Can't find profile directory.
console.warn: SearchSettings: "get: No settings file exists, new profile?" (new Error("", "(unknown module)"))
1608116047419	Marionette	INFO	Listening on port 51056
1608116047777	Marionette	WARN	TLS certificate errors will be ignored for this session
1608116063356	Marionette	INFO	Stopped listening on port 51056

###!!! [Child][RunMessage] Error: Channel closing: too late to send/recv, messages will be lost


###!!! [Child][MessageChannel::SendAndWait] Error: Channel error: cannot send/recv

1608116110819	geckodriver	INFO	Listening on 127.0.0.1:51120
1608116113897	mozrunner::runner	INFO	Running command: "C:\\Program Files\\Mozilla Firefox\\firefox.exe" "--marionette" "-foreground" "-no-remote" "-profile" "C:\\Users\\Malte\\AppData\\Local\\Temp\\rust_mozprofileClkvQM"
Can't find symbol 'eglSwapBuffersWithDamageEXT'.
Can't find symbol 'eglSetDamageRegionKHR'.
JavaScript error: resource://gre/modules/XULStore.jsm, line 66: Error: Can't find profile directory.
console.warn: SearchSettings: "get: No settings file exists, new profile?" (new Error("", "(unknown module)"))
1608116116250	Marionette	INFO	Listening on port 51128
1608116116566	Marionette	WARN	TLS certificate errors will be ignored for this session
1608116165402	Marionette	INFO	Stopped listening on port 51128

###!!! [Child][RunMessage] Error: Channel closing: too late to send/recv, messages will be lost


###!!! [Child][MessageChannel::SendAndWait] Error: Channel error: cannot send/recv

Temp\\rust_mozprofileqBxVm5"
Can't find symbol 'eglSwapBuffersWithDamageEXT'.
Can't find symbol 'eglSetDamageRegionKHR'.
JavaScript error: resource://gre/modules/XULStore.jsm, line 66: Error: Can't find profile directory.
console.warn: SearchSettings: "get: No settings file exists, new profile?" (new Error("", "(unknown module)"))
1608116163865	Marionette	INFO	Listening on port 51194
1608116164195	Marionette	WARN	TLS certificate errors will be ignored for this session
1608116175482	Marionette	INFO	Stopped listening on port 51195

###!!! [Child][RunMessage] Error: Channel closing: too late to send/recv, messages will be lost


###!!! [Child][MessageChannel::SendAndWait] Error: Channel error: cannot send/recv

1608116245076	geckodriver	INFO	Listening on 127.0.0.1:51286
1608116248154	mozrunner::runner	INFO	Running command: "C:\\Program Files\\Mozilla Firefox\\firefox.exe" "--marionette" "-foreground" "-no-remote" "-profile" "C:\\Users\\Malte\\AppData\\Local\\Temp\\rust_mozprofileGMAuUP"
Can't find symbol 'eglSwapBuffersWithDamageEXT'.
Can't find symbol 'eglSetDamageRegionKHR'.
JavaScript error: resource://gre/modules/XULStore.jsm, line 66: Error: Can't find profile directory.
console.warn: SearchSettings: "get: No settings file exists, new profile?" (new Error("", "(unknown module)"))
1608116251333	Marionette	INFO	Listening on port 51301
1608116251858	Marionette	WARN	TLS certificate errors will be ignored for this session
1608116313357	Marionette	INFO	Stopped listening on port 51302

###!!! [Child][RunMessage] Error: Channel closing: too late to send/recv, messages will be lost


###!!! [Child][MessageChannel::SendAndWait] Error: Channel error: cannot send/recv

1608116321296	geckodriver	INFO	Listening on 127.0.0.1:51421
1608116324373	mozrunner::runner	INFO	Running command: "C:\\Program Files\\Mozilla Firefox\\firefox.exe" "--marionette" "-foreground" "-no-remote" "-profile" "C:\\Users\\Malte\\AppData\\Local\\Temp\\rust_mozprofilenbpe4Z"
Can't find symbol 'eglSwapBuffersWithDamageEXT'.
Can't find symbol 'eglSetDamageRegionKHR'.
JavaScript error: resource://gre/modules/XULStore.jsm, line 66: Error: Can't find profile directory.
console.warn: SearchSettings: "get: No settings file exists, new profile?" (new Error("", "(unknown module)"))
1608116327534	Marionette	INFO	Listening on port 51437
1608116328049	Marionette	WARN	TLS certificate errors will be ignored for this session
1608116349457	Marionette	INFO	Stopped listening on port 51437

###!!! [Child][RunMessage] Error: Channel closing: too lMarionette threw an error: TypeError: driver.dialogObserver is null
waitForNavigationCompleted/<@chrome://marionette/content/navigate.js:364:5

JavaScript error: chrome://marionette/content/proxy.js, line 218: TypeError: this.browser.driver.dialogObserver is null
1608116376159	Marionette	INFO	Stopped listening on port 51436

###!!! [Child][RunMessage] Error: Channel closing: too late to send/recv, messages will be lost


###!!! [Child][MessageChannel::SendAndWait] Error: Channel error: cannot send/recv

or: resource://gre/modules/XULStore.jsm, line 66: Error: Can't find profile directory.
console.warn: SearchSettings: "get: No settings file exists, new profile?" (new Error("", "(unknown module)"))
1608116377501	Marionette	INFO	Listening on port 51546
1608116377624	Marionette	WARN	TLS certificate errors will be ignored for this session
1608116402601	Marionette	INFO	Stopped listening on port 51546

###!!! [Child][RunMessage] Error: Channel closing: too late to send/recv, messages will be lost


###!!! [Child][MessageChannel::SendAndWait] Error: Channel error: cannot send/recv

1608116600510	geckodriver	INFO	Listening on 127.0.0.1:51606
1608116603612	mozrunner::runner	INFO	Running command: "C:\\Program Files\\Mozilla Firefox\\firefox.exe" "--marionette" "-foreground" "-no-remote" "-profile" "C:\\Users\\Malte\\AppData\\Local\\Temp\\rust_mozprofileq4Fwr7"
Can't find symbol 'eglSwapBuffersWithDamageEXT'.
Can't find symbol 'eglSetDamageRegionKHR'.
JavaScript error: resource://gre/modules/XULStore.jsm, line 66: Error: Can't find profile directory.
console.warn: SearchSettings: "get: No settings file exists, new profile?" (new Error("", "(unknown module)"))
1608116605956	Marionette	INFO	Listening on port 51614
1608116606290	Marionette	WARN	TLS certificate errors will be ignored for this session
Marionette threw an error: TypeError: driver.dialogObserver is null
waitForNavigationCompleted/<@chrome://marionette/content/navigate.js:364:5

1608116666228	Marionette	INFO	Stopped listening on port 51614

###!!! [Child][RunMessage] Error: Channel closing: too late to send/recv, messages will be lost


###!!! [Child][MessageChannel::SendAndWait] Error: Channel error: cannot send/recv

ce://gre/modules/XULStore.jsm, line 66: Error: Can't find profile directory.
console.warn: SearchSettings: "get: No settings file exists, new profile?" (new Error("", "(unknown module)"))
1608116653829	Marionette	INFO	Listening on port 51674
1608116654091	Marionette	WARN	TLS certificate errors will be ignored for this session
JavaScript error: chrome://marionette/content/proxy.js, line 218: TypeError: this.browser.driver.dialogObserver is null
Marionette threw an error: TypeError: driver.dialogObserver is null
waitForNavigationCompleted/<@chrome://marionette/content/navigate.js:364:5

JavaScript error: chrome://marionette/content/proxy.js, line 218: TypeError: this.browser.driver.dialogObserver is null
1608116665448	Marionette	INFO	Stopped listening on port 51674

###!!! [Child][RunMessage] Error: Channel closing: too late to send/recv, messages will be lost


###!!! [Child][MessageChannel::SendAndWait] Error: Channel error: cannot send/recv

1608116731563	geckodriver	INFO	Listening on 127.0.0.1:51734
1608116734630	mozrunner::runner	INFO	Running command: "C:\\Program Files\\Mozilla Firefox\\firefox.exe" "--marionette" "-foreground" "-no-remote" "-profile" "C:\\Users\\Malte\\AppData\\Local\\Temp\\rust_mozprofileQle4zt"
Can't find symbol 'eglSwapBuffersWithDamageEXT'.
Can't find symbol 'eglSetDamageRegionKHR'.
JavaScript error: resource://gre/modules/XULStore.jsm, line 66: Error: Can't find profile directory.
console.warn: SearchSettings: "get: No settings file exists, new profile?" (new Error("", "(unknown module)"))
1608116737386	Marionette	INFO	Listening on port 51742
1608116737806	Marionette	WARN	TLS certificate errors will be ignored for this session
1608116757977	Marionette	INFO	Stopped listening on port 51742

###!!! [Child][RunMessage] Error: Channel closing: too late to send/recv, messages will be lost


###!!! [Child][MessageChannel::SendAndWait] Error: Channel error: cannot send/recv

1608116834987	geckodriver	INFO	Listening on 127.0.0.1:51806
1608116838036	mozrunner::runner	INFO	Running command: "C:\\Program Files\\Mozilla Firefox\\firefox.exe" "--marionette" "-foreground" "-no-remote" "-profile" "C:\\Users\\Malte\\AppData\\Local\\Temp\\rust_mozprofile0OMGEv"
Can't find symbol 'eglSwapBuffersWithDamageEXT'.
Can't find symbol 'eglSetDamageRegionKHR'.
JavaScript error: resource://gre/modules/XULStore.jsm, line 66: Error: Can't find profile directory.
console.warn: SearchSettings: "get: No settings file exists, new profile?" (new Error("", "(unknown module)"))
1608116840367	Marionette	INFO	Listening on port 51814
1608116840722	Marionette	WARN	TLS certificate errors will be ignored for this session
1608116856765	Marionette	INFO	Stopped listening on port 51814

###!!! [Child][RunMessage] Error: Channel closing: too late to send/recv, messages will be lost


###!!! [Child][MessageChannel::SendAndWait] Error: Channel error: cannot send/recv

1608117005142	geckodriver	INFO	Listening on 127.0.0.1:51901
1608117008181	mozrunner::runner	INFO	Running command: "C:\\Program Files\\Mozilla Firefox\\firefox.exe" "--marionette" "-foreground" "-no-remote" "-profile" "C:\\Users\\Malte\\AppData\\Local\\Temp\\rust_mozprofilee6b2CG"
Can't find symbol 'eglSwapBuffersWithDamageEXT'.
Can't find symbol 'eglSetDamageRegionKHR'.
JavaScript error: resource://gre/modules/XULStore.jsm, line 66: Error: Can't find profile directory.
console.warn: SearchSettings: "get: No settings file exists, new profile?" (new Error("", "(unknown module)"))
1608117010460	Marionette	INFO	Listening on port 51909
1608117010875	Marionette	WARN	TLS certificate errors will be ignored for this session
[Parent 13136, Gecko_IOThread] WARNING: file /builds/worker/checkouts/gecko/ipc/chromium/src/base/process_util_win.cc:166
Marionette threw an error: TypeError: driver.dialogObserver is null
waitForNavigationCompleted/<@chrome://marionette/content/navigate.js:364:5

1608117946133	Marionette	INFO	Stopped listening on port 51909

###!!! [Child][RunMessage] Error: Channel closing: too late to send/recv, messages will be lost


###!!! [Child][MessageChannel::SendAndWait] Error: Channel error: cannot send/recv

ce://gre/modules/XULStore.jsm, line 66: Error: Can't find profile directory.
console.warn: SearchSettings: "get: No settings file exists, new profile?" (new Error("", "(unknown module)"))
1608117044339	Marionette	INFO	Listening on port 51973
1608117044717	Marionette	WARN	TLS certificate errors will be ignored for this session
JavaScript error: , line 0: uncaught exception: Object
1608117946876	Marionette	INFO	Stopped listening on port 51973

###!!! [Child][RunMessage] Error: Channel closing: too late to send/recv, messages will be lost


###!!! [Child][MessageChannel::SendAndWait] Error: Channel error: cannot send/recv

Temp\\rust_mozprofile2ux6l7"
Can't find symbol 'eglSwapBuffersWithDamageEXT'.
Can't find symbol 'eglSetDamageRegionKHR'.
JavaScript error: resource://gre/modules/XULStore.jsm, line 66: Error: Can't find profile directory.
console.warn: SearchSettings: "get: No settings file exists, new profile?" (new Error("", "(unknown module)"))
1608117908339	Marionette	INFO	Listening on port 52143
1608117908536	Marionette	WARN	TLS certificate errors will be ignored for this session
Marionette threw an error: TypeError: driver.dialogObserver is null
waitForNavigationCompleted/<@chrome://marionette/content/navigate.js:364:5

1608117947857	Marionette	INFO	Stopped listening on port 52143

###!!! [Child][RunMessage] Error: Channel closing: too late to send/recv, messages will be lost


###!!! [Child][MessageChannel::SendAndWait] Error: Channel error: cannot send/recv

1608207354266	geckodriver	INFO	Listening on 127.0.0.1:52048
1608207357358	mozrunner::runner	INFO	Running command: "C:\\Program Files\\Mozilla Firefox\\firefox.exe" "--marionette" "-foreground" "-no-remote" "-profile" "C:\\Users\\Malte\\AppData\\Local\\Temp\\rust_mozprofileeg3fNw"
Can't find symbol 'eglSwapBuffersWithDamageEXT'.
Can't find symbol 'eglSetDamageRegionKHR'.
console.warn: SearchSettings: "get: No settings file exists, new profile?" (new Error("", "(unknown module)"))
1608207359708	Marionette	INFO	Listening on port 52056
1608207360027	Marionette	WARN	TLS certificate errors will be ignored for this session
1608207379711	Marionette	INFO	Stopped listening on port 52056

###!!! [Child][RunMessage] Error: Channel closing: too late to send/recv, messages will be lost

1608207473546	geckodriver	INFO	Listening on 127.0.0.1:52149
1608207476601	mozrunner::runner	INFO	Running command: "C:\\Program Files\\Mozilla Firefox\\firefox.exe" "--marionette" "-foreground" "-no-remote" "-profile" "C:\\Users\\Malte\\AppData\\Local\\Temp\\rust_mozprofileR1q1bE"
Can't find symbol 'eglSwapBuffersWithDamageEXT'.
Can't find symbol 'eglSetDamageRegionKHR'.
console.warn: SearchSettings: "get: No settings file exists, new profile?" (new Error("", "(unknown module)"))
1608207478898	Marionette	INFO	Listening on port 52157
1608207479258	Marionette	WARN	TLS certificate errors will be ignored for this session
JavaScript error: , line 0: NS_ERROR_NOT_AVAILABLE
1608213662163	Marionette	INFO	Stopped listening on port 52157

###!!! [Child][RunMessage] Error: Channel closing: too late to send/recv, messages will be lost

JavaScript error: resource:///modules/sessionstore/SessionStore.jsm, line 5375: NS_ERROR_UNEXPECTED: Component returned failure code: 0x8000ffff (NS_ERROR_UNEXPECTED) [nsIWindowMediator.getEnumerator]
1608283357775	geckodriver	INFO	Listening on 127.0.0.1:50056
1608283360841	mozrunner::runner	INFO	Running command: "C:\\Program Files\\Mozilla Firefox\\firefox.exe" "--marionette" "-foreground" "-no-remote" "-profile" "C:\\Users\\Malte\\AppData\\Local\\Temp\\rust_mozprofileD9LVn6"
Can't find symbol 'eglSwapBuffersWithDamageEXT'.
Can't find symbol 'eglSetDamageRegionKHR'.
console.warn: SearchSettings: "get: No settings file exists, new profile?" (new Error("", "(unknown module)"))
1608283369446	Marionette	INFO	Listening on port 50090
1608283370007	Marionette	WARN	TLS certificate errors will be ignored for this session
1608283413777	Marionette	INFO	Stopped listening on port 50091

###!!! [Child][RunMessage] Error: Channel closing: too late to send/recv, messages will be lost

1609946262739	geckodriver	INFO	Listening on 127.0.0.1:55850
1609946265833	mozrunner::runner	INFO	Running command: "C:\\Program Files\\Mozilla Firefox\\firefox.exe" "--marionette" "-foreground" "-no-remote" "-profile" "C:\\Users\\Malte\\AppData\\Local\\Temp\\rust_mozprofileqX8uLD"
Can't find symbol 'eglSwapBuffersWithDamageEXT'.
Can't find symbol 'eglSetDamageRegionKHR'.
console.warn: SearchSettings: "get: No settings file exists, new profile?" (new Error("", "(unknown module)"))
1609946268221	Marionette	INFO	Listening on port 55858
1609946268526	Marionette	WARN	TLS certificate errors will be ignored for this session
1609946349756	Marionette	INFO	Stopped listening on port 55858
[Parent 9188, Gecko_IOThread] WARNING: file /builds/worker/checkouts/gecko/ipc/chromium/src/base/process_util_win.cc:166

###!!! [Child][RunMessage] Error: Channel closing: too late to send/recv, messages will be lost

